#
# A fatal error has been detected by the Java Runtime Environment:
#
#  SIGSEGV (0xb) at pc=0x00007fb571349c40, pid=4083, tid=140415931508496
#
# JRE version: 6.0_18-b18
# Java VM: OpenJDK 64-Bit Server VM (16.0-b13 mixed mode linux-amd64 )
# Derivative: IcedTea6 1.8.1
# Distribution: Ubuntu 10.04 LTS, package 6b18-1.8.1-0ubuntu1
# Problematic frame:
# V  [libjvm.so+0x50bc40]
#
# If you would like to submit a bug report, please include
# instructions how to reproduce the bug and visit:
#   https://bugs.launchpad.net/ubuntu/+source/openjdk-6/
#

---------------  T H R E A D  ---------------

Current thread (0x0000000000e29800):  JavaThread "CompilerThread1" daemon [_thread_in_native, id=4100, stack(0x00007fb521a7e000,0x00007fb521b7f000)]

siginfo:si_signo=SIGSEGV: si_errno=0, si_code=1 (SEGV_MAPERR), si_addr=0x0000000000000008

Registers:
RAX=0x0000000000000000, RBX=0x00007fb521b7b980, RCX=0x00000000016304c0, RDX=0x0000000000002000
RSP=0x00007fb521b7a190, RBP=0x00007fb521b7a1d0, RSI=0x0000000002476ed0, RDI=0x0000000000000000
R8 =0x00000000012ba920, R9 =0x00000000019ea520, R10=0x0000000000000000, R11=0x00007fb5719a4e23
R12=0x0000000001960e28, R13=0x00007fb51c771cd0, R14=0x00007fb521b7b9a0, R15=0x00000000019ed268
RIP=0x00007fb571349c40, EFL=0x0000000000010202, CSGSFS=0x0000000000000033, ERR=0x0000000000000004
  TRAPNO=0x000000000000000e

Top of Stack: (sp=0x00007fb521b7a190)
0x00007fb521b7a190:   00007fb521b7a4b0 0000000000001394
0x00007fb521b7a1a0:   00007fb521b7a1d0 00007fb521b7a470
0x00007fb521b7a1b0:   00007fb521b7b980 0000000001960e28
0x00007fb521b7a1c0:   0000000000000002 00000000011aa618
0x00007fb521b7a1d0:   00007fb521b7a240 00007fb57134a1a7
0x00007fb521b7a1e0:   0000000000000020 00007fb500000001
0x00007fb521b7a1f0:   00007fb521b7c310 0000000000000000
0x00007fb521b7a200:   00007fb521b7a450 00007fb521b7a4b0
0x00007fb521b7a210:   0000000000001695 00007fb521b7b980
0x00007fb521b7a220:   00007fb521b7af70 00007fb521b7a4b0
0x00007fb521b7a230:   00007fb521b7a450 0000000000000000
0x00007fb521b7a240:   00007fb521b7a510 00007fb57134d6f0
0x00007fb521b7a250:   00007fb5718ec888 00007fb571907ad8
0x00007fb521b7a260:   00007fb521b7a290 00007fb500001683
0x00007fb521b7a270:   000000000000b510 00007fb5718ced7c
0x00007fb521b7a280:   01007fb521b7d0c0 00007fb521b7a470
0x00007fb521b7a290:   00007fb521b7a2b0 00007fb5714cfef6
0x00007fb521b7a2a0:   0000000000d90fb0 0000000001ab4d90
0x00007fb521b7a2b0:   00007fb521b7a2d0 00007fb5714cfef6
0x00007fb521b7a2c0:   0000000000d90fb0 0000000001ab4d90
0x00007fb521b7a2d0:   000000000157b1e0 0000000001ab4d90
0x00007fb521b7a2e0:   00007fb521b7a2f0 00007fb5714cf18d
0x00007fb521b7a2f0:   00007fb521b7a350 00007fb57116b3de
0x00007fb521b7a300:   0000000000000000 89a37bb500d89558
0x00007fb521b7a310:   0000000000000000 00000000714d3758
0x00007fb521b7a320:   0000000088ca6bff 0000000001d89558
0x00007fb521b7a330:   00007fb521b7a390 00007fb5711f1f61
0x00007fb521b7a340:   00007fb521b7a360 00000000018b6c70
0x00007fb521b7a350:   00000000018b1578 0000000001acd488
0x00007fb521b7a360:   00007fb521b7a380 0000000001775110
0x00007fb521b7a370:   00007fb521b7af70 00007fb521b7af70
0x00007fb521b7a380:   00000000018b09c0 0000000001775110 

Instructions: (pc=0x00007fb571349c40)
0x00007fb571349c30:   89 f6 48 c1 e6 03 48 03 b3 d0 09 00 00 48 8b 06
0x00007fb571349c40:   48 8b 50 08 48 83 3a 00 75 27 8b 4b 28 0f 1f 00 

Stack: [0x00007fb521a7e000,0x00007fb521b7f000],  sp=0x00007fb521b7a190,  free space=3f00000000000000030k
Native frames: (J=compiled Java code, j=interpreted, Vv=VM code, C=native code)
V  [libjvm.so+0x50bc40]
V  [libjvm.so+0x50c1a7]
V  [libjvm.so+0x50f6f0]
V  [libjvm.so+0x2b7a6b]
V  [libjvm.so+0x2b85ba]
V  [libjvm.so+0x246f7c]
V  [libjvm.so+0x2bd49a]
V  [libjvm.so+0x2bdabf]
V  [libjvm.so+0x687c4b]
V  [libjvm.so+0x58ff62]


Current CompileTask:
C2:861      jregex.Pretokenizer.next()V (1064 bytes)


---------------  P R O C E S S  ---------------

Java Threads: ( => current thread )
  0x0000000001066000 JavaThread "NioProcessor-1" [_thread_in_native, id=5827, stack(0x00007fb520ff4000,0x00007fb5210f5000)]
  0x0000000001751000 JavaThread "com.mchange.v2.async.ThreadPoolAsynchronousRunner$PoolThread-#2" daemon [_thread_blocked, id=4111, stack(0x00007fb520802000,0x00007fb520903000)]
  0x0000000000f32000 JavaThread "com.mchange.v2.async.ThreadPoolAsynchronousRunner$PoolThread-#1" daemon [_thread_blocked, id=4110, stack(0x00007fb520903000,0x00007fb520a04000)]
  0x00000000011cf800 JavaThread "com.mchange.v2.async.ThreadPoolAsynchronousRunner$PoolThread-#0" daemon [_thread_blocked, id=4109, stack(0x00007fb520a04000,0x00007fb520b05000)]
  0x0000000001840800 JavaThread "Timer-0" daemon [_thread_blocked, id=4108, stack(0x00007fb520b05000,0x00007fb520c06000)]
  0x00007fb51c3a3000 JavaThread "pool-3-thread-1" [_thread_in_Java, id=4107, stack(0x00007fb520ef3000,0x00007fb520ff4000)]
  0x0000000000d40800 JavaThread "DestroyJavaVM" [_thread_blocked, id=4084, stack(0x00007fb5725dc000,0x00007fb5726dd000)]
  0x0000000001069000 JavaThread "NioSocketAcceptor-1" [_thread_in_native, id=4104, stack(0x00007fb5210f5000,0x00007fb5211f6000)]
  0x000000000100e000 JavaThread "NioSocketAcceptor-1-idleStatusChecker" [_thread_blocked, id=4103, stack(0x00007fb5211f6000,0x00007fb5212f7000)]
  0x0000000000e2b800 JavaThread "Low Memory Detector" daemon [_thread_blocked, id=4101, stack(0x00007fb52197d000,0x00007fb521a7e000)]
=>0x0000000000e29800 JavaThread "CompilerThread1" daemon [_thread_in_native, id=4100, stack(0x00007fb521a7e000,0x00007fb521b7f000)]
  0x0000000000e26800 JavaThread "CompilerThread0" daemon [_thread_in_native, id=4099, stack(0x00007fb521b7f000,0x00007fb521c80000)]
  0x0000000000e11000 JavaThread "JDWP Event Helper Thread" daemon [_thread_blocked, id=4098, stack(0x00007fb521c80000,0x00007fb521d81000)]
  0x0000000000e0d800 JavaThread "JDWP Transport Listener: dt_socket" daemon [_thread_in_native, id=4097, stack(0x00007fb521d81000,0x00007fb521e82000)]
  0x0000000000dda000 JavaThread "Signal Dispatcher" daemon [_thread_blocked, id=4096, stack(0x00007fb522087000,0x00007fb522188000)]
  0x0000000000dbc000 JavaThread "Finalizer" daemon [_thread_blocked, id=4095, stack(0x00007fb522188000,0x00007fb522289000)]
  0x0000000000db4800 JavaThread "Reference Handler" daemon [_thread_blocked, id=4094, stack(0x00007fb522289000,0x00007fb52238a000)]

Other Threads:
  0x0000000000daf800 VMThread [stack: 0x00007fb52238a000,0x00007fb52248b000] [id=4093]
  0x0000000000e2e800 WatcherThread [stack: 0x00007fb52187c000,0x00007fb52197d000] [id=4102]

VM state:not at safepoint (normal execution)

VM Mutex/Monitor currently owned by a thread: None

Heap
 PSYoungGen      total 14848K, used 2249K [0x00007fb5576f0000, 0x00007fb558930000, 0x00007fb56c0f0000)
  eden space 14592K, 13% used [0x00007fb5576f0000,0x00007fb5578ea6d8,0x00007fb558530000)
  from space 256K, 87% used [0x00007fb558580000,0x00007fb5585b8000,0x00007fb5585c0000)
  to   space 2048K, 0% used [0x00007fb558730000,0x00007fb558730000,0x00007fb558930000)
 PSOldGen        total 42240K, used 21537K [0x00007fb52e2f0000, 0x00007fb530c30000, 0x00007fb5576f0000)
  object space 42240K, 50% used [0x00007fb52e2f0000,0x00007fb52f7f84b8,0x00007fb530c30000)
 PSPermGen       total 46400K, used 46235K [0x00007fb523af0000, 0x00007fb526840000, 0x00007fb52e2f0000)
  object space 46400K, 99% used [0x00007fb523af0000,0x00007fb526816c38,0x00007fb526840000)

Dynamic libraries:
00400000-00409000 r-xp 00000000 08:06 655845                             /usr/lib/jvm/java-6-openjdk/jre/bin/java
00608000-00609000 r--p 00008000 08:06 655845                             /usr/lib/jvm/java-6-openjdk/jre/bin/java
00609000-0060a000 rw-p 00009000 08:06 655845                             /usr/lib/jvm/java-6-openjdk/jre/bin/java
00d2a000-02959000 rw-p 00000000 00:00 0                                  [heap]
7fb51c000000-7fb51e6fc000 rw-p 00000000 00:00 0 
7fb51e6fc000-7fb520000000 ---p 00000000 00:00 0 
7fb520802000-7fb520805000 ---p 00000000 00:00 0 
7fb520805000-7fb520903000 rw-p 00000000 00:00 0 
7fb520903000-7fb520906000 ---p 00000000 00:00 0 
7fb520906000-7fb520a04000 rw-p 00000000 00:00 0 
7fb520a04000-7fb520a07000 ---p 00000000 00:00 0 
7fb520a07000-7fb520b05000 rw-p 00000000 00:00 0 
7fb520b05000-7fb520b08000 ---p 00000000 00:00 0 
7fb520b08000-7fb520c06000 rw-p 00000000 00:00 0 
7fb520ce8000-7fb520ceb000 r--s 00031000 08:06 656841                     /usr/lib/jvm/java-6-openjdk/jre/lib/ext/sunjce_provider.jar
7fb520ceb000-7fb520cf2000 r-xp 00000000 08:06 655813                     /usr/lib/jvm/java-6-openjdk/jre/lib/amd64/libmanagement.so
7fb520cf2000-7fb520ef1000 ---p 00007000 08:06 655813                     /usr/lib/jvm/java-6-openjdk/jre/lib/amd64/libmanagement.so
7fb520ef1000-7fb520ef2000 r--p 00006000 08:06 655813                     /usr/lib/jvm/java-6-openjdk/jre/lib/amd64/libmanagement.so
7fb520ef2000-7fb520ef3000 rw-p 00007000 08:06 655813                     /usr/lib/jvm/java-6-openjdk/jre/lib/amd64/libmanagement.so
7fb520ef3000-7fb520ef6000 ---p 00000000 00:00 0 
7fb520ef6000-7fb520ff4000 rw-p 00000000 00:00 0 
7fb520ff4000-7fb520ff7000 ---p 00000000 00:00 0 
7fb520ff7000-7fb5210f5000 rw-p 00000000 00:00 0 
7fb5210f5000-7fb5210f8000 ---p 00000000 00:00 0 
7fb5210f8000-7fb5211f6000 rw-p 00000000 00:00 0 
7fb5211f6000-7fb5211f9000 ---p 00000000 00:00 0 
7fb5211f9000-7fb5212f7000 rw-p 00000000 00:00 0 
7fb5212f7000-7fb5212ff000 r-xp 00000000 08:06 655816                     /usr/lib/jvm/java-6-openjdk/jre/lib/amd64/libnio.so
7fb5212ff000-7fb5214fe000 ---p 00008000 08:06 655816                     /usr/lib/jvm/java-6-openjdk/jre/lib/amd64/libnio.so
7fb5214fe000-7fb5214ff000 r--p 00007000 08:06 655816                     /usr/lib/jvm/java-6-openjdk/jre/lib/amd64/libnio.so
7fb5214ff000-7fb521500000 rw-p 00008000 08:06 655816                     /usr/lib/jvm/java-6-openjdk/jre/lib/amd64/libnio.so
7fb521500000-7fb521515000 r-xp 00000000 08:06 655815                     /usr/lib/jvm/java-6-openjdk/jre/lib/amd64/libnet.so
7fb521515000-7fb521714000 ---p 00015000 08:06 655815                     /usr/lib/jvm/java-6-openjdk/jre/lib/amd64/libnet.so
7fb521714000-7fb521715000 r--p 00014000 08:06 655815                     /usr/lib/jvm/java-6-openjdk/jre/lib/amd64/libnet.so
7fb521715000-7fb521716000 rw-p 00015000 08:06 655815                     /usr/lib/jvm/java-6-openjdk/jre/lib/amd64/libnet.so
7fb521716000-7fb52171c000 r--s 00055000 08:06 798437                     /home/juerg/play/framework/lib/mail.jar
7fb52171c000-7fb521721000 r--s 0003c000 08:06 798414                     /home/juerg/play/framework/lib/ehcache-1.5.0.jar
7fb521721000-7fb521730000 r--s 00074000 08:06 798429                     /home/juerg/play/framework/lib/joda-time-1.6.jar
7fb521730000-7fb521733000 r--s 0000f000 08:06 798444                     /home/juerg/play/framework/lib/provided-geronimo-servlet_2.5_spec-1.2.jar
7fb521733000-7fb521737000 r--s 00020000 08:06 798443                     /home/juerg/play/framework/lib/play-imaging.jar
7fb521737000-7fb52173d000 r--s 00032000 08:06 798428                     /home/juerg/play/framework/lib/jaxen-1.1.jar
7fb52173d000-7fb52173e000 r--s 00015000 08:06 798442                     /home/juerg/play/framework/lib/play-SimpleCaptcha.jar
7fb52173e000-7fb521740000 r--s 00003000 08:06 798445                     /home/juerg/play/framework/lib/slf4j-api-1.5.0.jar
7fb521740000-7fb521743000 r--s 0001b000 08:06 798421                     /home/juerg/play/framework/lib/hibernate-entitymanager.jar
7fb521743000-7fb521745000 r--s 0000b000 08:06 798407                     /home/juerg/play/framework/lib/commons-fileupload-1.2.jar
7fb521745000-7fb521747000 r--s 00017000 08:06 798396                     /home/juerg/play/framework/lib/WikiText.jar
7fb521747000-7fb52174d000 r--s 00049000 08:06 798403                     /home/juerg/play/framework/lib/cglib-nodep-2.2.jar
7fb52174d000-7fb521750000 r--s 00022000 08:06 798426                     /home/juerg/play/framework/lib/jamon-2.7.jar
7fb521750000-7fb52175c000 r--s 00097000 08:06 798436                     /home/juerg/play/framework/lib/lucene-core-2.3.1.jar
7fb52175c000-7fb52175e000 r--s 00012000 08:06 798435                     /home/juerg/play/framework/lib/lucene-analyzers-2.3.1.jar
7fb52175e000-7fb521760000 r--s 00001000 08:06 798431                     /home/juerg/play/framework/lib/jsr107cache-1.0.jar
7fb521760000-7fb521762000 r--s 0000a000 08:06 798405                     /home/juerg/play/framework/lib/commons-codec.jar
7fb521762000-7fb521769000 r--s 000aa000 08:06 798440                     /home/juerg/play/framework/lib/mysql-connector-java-5.1.8-bin.jar
7fb521769000-7fb52176c000 r--s 0000a000 08:06 798415                     /home/juerg/play/framework/lib/ejb3-persistence.jar
7fb52176c000-7fb521772000 r--s 00056000 08:06 798423                     /home/juerg/play/framework/lib/hibernate3-ast.jar
7fb521772000-7fb521779000 r--s 00059000 08:06 798434                     /home/juerg/play/framework/lib/log4j-1.2.15.jar
7fb521779000-7fb52177e000 r--s 00048000 08:06 798413                     /home/juerg/play/framework/lib/dom4j-1.6.1.jar
7fb52177e000-7fb521781000 r--s 00011000 08:06 798416                     /home/juerg/play/framework/lib/ezmorph-1.0.3.jar
7fb521781000-7fb521788000 r--s 00038000 08:06 798447                     /home/juerg/play/framework/lib/wikitext.core_1.1.1.jar
7fb521788000-7fb52178e000 r--s 0002c000 08:06 798395                     /home/juerg/play/framework/lib/SnakeYAML-1.2.jar
7fb52178e000-7fb521799000 r--s 00071000 08:06 798439                     /home/juerg/play/framework/lib/mina-core-2.0.0-M2-SNAPSHOT.jar
7fb521799000-7fb5217a1000 r--s 0008a000 08:06 798427                     /home/juerg/play/framework/lib/javassist.jar
7fb5217a1000-7fb5217c5000 r--s 00473000 08:06 798424                     /home/juerg/play/framework/lib/hibernate3.jar
7fb5217c5000-7fb5217c7000 r--s 00001000 08:06 798432                     /home/juerg/play/framework/lib/jta.jar
7fb5217c7000-7fb5217c9000 r--s 00015000 08:06 798430                     /home/juerg/play/framework/lib/jregex1.2_01.jar
7fb5217c9000-7fb5217cf000 r--s 00041000 08:06 798441                     /home/juerg/play/framework/lib/oval-1.31.jar
7fb5217cf000-7fb5217d4000 r--s 00040000 08:06 798408                     /home/juerg/play/framework/lib/commons-httpclient.jar
7fb5217d4000-7fb5217d6000 r--s 0000c000 08:06 798398                     /home/juerg/play/framework/lib/activation.jar
7fb5217d6000-7fb521825000 r--s 004b1000 08:06 798417                     /home/juerg/play/framework/lib/groovy-all-1.7.1.jar
7fb521825000-7fb52182e000 r--s 00048000 08:06 798401                     /home/juerg/play/framework/lib/backport-util-concurrent-3.0.jar
7fb52182e000-7fb521830000 r--s 00001000 08:06 798446                     /home/juerg/play/framework/lib/slf4j-log4j12-1.5.0.jar
7fb521830000-7fb52183c000 r--s 0014c000 08:06 798412                     /home/juerg/play/framework/lib/compiler-jdt.jar
7fb52183c000-7fb521842000 r--s 00024000 08:06 798400                     /home/juerg/play/framework/lib/asyncweb-common-0.9.0-SNAPSHOT.jar
7fb521842000-7fb521845000 r--s 0000e000 08:06 798420                     /home/juerg/play/framework/lib/hibernate-commons-annotations.jar
7fb521845000-7fb521849000 r--s 0002f000 08:06 798410                     /home/juerg/play/framework/lib/commons-lang.jar
7fb521849000-7fb52184d000 r--s 00023000 08:06 798418                     /home/juerg/play/framework/lib/gson-1.3.jar
7fb52184d000-7fb521852000 r--s 0002a000 08:06 798404                     /home/juerg/play/framework/lib/commons-beanutils.jar
7fb521852000-7fb521854000 r--s 00011000 08:06 798397                     /home/juerg/play/framework/lib/ZDB.jar
7fb521854000-7fb521857000 r--s 0000d000 08:06 798422                     /home/juerg/play/framework/lib/hibernate-validator.jar
7fb521857000-7fb52185a000 r--s 00018000 08:06 798409                     /home/juerg/play/framework/lib/commons-io.jar
7fb52185a000-7fb521867000 r--s 0007c000 08:06 798406                     /home/juerg/play/framework/lib/commons-collections-3.1.jar
7fb521867000-7fb52186c000 r--s 00023000 08:06 798433                     /home/juerg/play/framework/lib/junit-4.4.jar
7fb52186c000-7fb521872000 r--s 00067000 08:06 798399                     /home/juerg/play/framework/lib/antlr-2.7.6.jar
7fb521872000-7fb521877000 r--s 00040000 08:06 798419                     /home/juerg/play/framework/lib/hibernate-annotations.jar
7fb521877000-7fb52187c000 r--s 00037000 08:06 798438                     /home/juerg/play/framework/lib/memcached-2.4.2.jar
7fb52187c000-7fb52187d000 ---p 00000000 00:00 0 
7fb52187d000-7fb52197d000 rw-p 00000000 00:00 0 
7fb52197d000-7fb521980000 ---p 00000000 00:00 0 
7fb521980000-7fb521a7e000 rw-p 00000000 00:00 0 
7fb521a7e000-7fb521a81000 ---p 00000000 00:00 0 
7fb521a81000-7fb521b7f000 rw-p 00000000 00:00 0 
7fb521b7f000-7fb521b82000 ---p 00000000 00:00 0 
7fb521b82000-7fb521c80000 rw-p 00000000 00:00 0 
7fb521c80000-7fb521c83000 ---p 00000000 00:00 0 
7fb521c83000-7fb521d81000 rw-p 00000000 00:00 0 
7fb521d81000-7fb521d84000 ---p 00000000 00:00 0 
7fb521d84000-7fb521e82000 rw-p 00000000 00:00 0 
7fb521e82000-7fb521e86000 r-xp 00000000 08:06 655796                     /usr/lib/jvm/java-6-openjdk/jre/lib/amd64/libdt_socket.so
7fb521e86000-7fb522085000 ---p 00004000 08:06 655796                     /usr/lib/jvm/java-6-openjdk/jre/lib/amd64/libdt_socket.so
7fb522085000-7fb522086000 r--p 00003000 08:06 655796                     /usr/lib/jvm/java-6-openjdk/jre/lib/amd64/libdt_socket.so
7fb522086000-7fb522087000 rw-p 00004000 08:06 655796                     /usr/lib/jvm/java-6-openjdk/jre/lib/amd64/libdt_socket.so
7fb522087000-7fb52208a000 ---p 00000000 00:00 0 
7fb52208a000-7fb522188000 rw-p 00000000 00:00 0 
7fb522188000-7fb52218b000 ---p 00000000 00:00 0 
7fb52218b000-7fb522289000 rw-p 00000000 00:00 0 
7fb522289000-7fb52228c000 ---p 00000000 00:00 0 
7fb52228c000-7fb52238a000 rw-p 00000000 00:00 0 
7fb52238a000-7fb52238b000 ---p 00000000 00:00 0 
7fb52238b000-7fb522dc7000 rw-p 00000000 00:00 0 
7fb522dc7000-7fb522f5a000 r--s 03918000 08:06 655789                     /usr/lib/jvm/java-6-openjdk/jre/lib/rt.jar
7fb522f5a000-7fb522f5b000 ---p 00000000 00:00 0 
7fb522f5b000-7fb52305b000 rw-p 00000000 00:00 0 
7fb52305b000-7fb52305c000 ---p 00000000 00:00 0 
7fb52305c000-7fb52315c000 rw-p 00000000 00:00 0 
7fb52315c000-7fb52315d000 ---p 00000000 00:00 0 
7fb52315d000-7fb52325d000 rw-p 00000000 00:00 0 
7fb52325d000-7fb52325e000 ---p 00000000 00:00 0 
7fb52325e000-7fb52335e000 rw-p 00000000 00:00 0 
7fb52335e000-7fb52335f000 ---p 00000000 00:00 0 
7fb52335f000-7fb52345f000 rw-p 00000000 00:00 0 
7fb52345f000-7fb523460000 ---p 00000000 00:00 0 
7fb523460000-7fb523560000 rw-p 00000000 00:00 0 
7fb523560000-7fb523561000 ---p 00000000 00:00 0 
7fb523561000-7fb523661000 rw-p 00000000 00:00 0 
7fb523661000-7fb523662000 ---p 00000000 00:00 0 
7fb523662000-7fb523777000 rw-p 00000000 00:00 0 
7fb523777000-7fb5238ac000 rw-p 00000000 00:00 0 
7fb5238ac000-7fb5238c3000 rw-p 00000000 00:00 0 
7fb5238c3000-7fb523900000 rw-p 00000000 00:00 0 
7fb523900000-7fb523915000 rw-p 00000000 00:00 0 
7fb523915000-7fb523a4a000 rw-p 00000000 00:00 0 
7fb523a4a000-7fb523a54000 rw-p 00000000 00:00 0 
7fb523a54000-7fb523a60000 ---p 00000000 00:00 0 
7fb523a60000-7fb523aef000 rw-p 00000000 00:00 0 
7fb523aef000-7fb526840000 rw-p 00000000 00:00 0 
7fb526840000-7fb52e2f0000 rw-p 00000000 00:00 0 
7fb52e2f0000-7fb530c30000 rw-p 00000000 00:00 0 
7fb530c30000-7fb5576f0000 rw-p 00000000 00:00 0 
7fb5576f0000-7fb558930000 rw-p 00000000 00:00 0 
7fb558930000-7fb55a180000 ---p 00000000 00:00 0 
7fb55a180000-7fb56c0f0000 rw-p 00000000 00:00 0 
7fb56c0f2000-7fb56c0f4000 r--s 00013000 08:06 656853                     /usr/lib/jvm/java-6-openjdk/jre/lib/jce.jar
7fb56c0f4000-7fb56c0ff000 r--s 0008a000 08:06 798402                     /home/juerg/play/framework/lib/c3p0-0.9.1.jar
7fb56c0ff000-7fb56c111000 rw-p 00000000 00:00 0 
7fb56c111000-7fb56c1bf000 rw-p 00000000 00:00 0 
7fb56c1bf000-7fb56c60f000 rwxp 00000000 00:00 0 
7fb56c60f000-7fb56f1bf000 rw-p 00000000 00:00 0 
7fb56f1bf000-7fb56f1c6000 r-xp 00000000 08:06 655822                     /usr/lib/jvm/java-6-openjdk/jre/lib/amd64/libzip.so
7fb56f1c6000-7fb56f3c5000 ---p 00007000 08:06 655822                     /usr/lib/jvm/java-6-openjdk/jre/lib/amd64/libzip.so
7fb56f3c5000-7fb56f3c6000 r--p 00006000 08:06 655822                     /usr/lib/jvm/java-6-openjdk/jre/lib/amd64/libzip.so
7fb56f3c6000-7fb56f3c7000 rw-p 00007000 08:06 655822                     /usr/lib/jvm/java-6-openjdk/jre/lib/amd64/libzip.so
7fb56f3c7000-7fb56f3d3000 r-xp 00000000 08:06 131773                     /lib/libnss_files-2.11.1.so
7fb56f3d3000-7fb56f5d2000 ---p 0000c000 08:06 131773                     /lib/libnss_files-2.11.1.so
7fb56f5d2000-7fb56f5d3000 r--p 0000b000 08:06 131773                     /lib/libnss_files-2.11.1.so
7fb56f5d3000-7fb56f5d4000 rw-p 0000c000 08:06 131773                     /lib/libnss_files-2.11.1.so
7fb56f5d4000-7fb56f5de000 r-xp 00000000 08:06 131775                     /lib/libnss_nis-2.11.1.so
7fb56f5de000-7fb56f7dd000 ---p 0000a000 08:06 131775                     /lib/libnss_nis-2.11.1.so
7fb56f7dd000-7fb56f7de000 r--p 00009000 08:06 131775                     /lib/libnss_nis-2.11.1.so
7fb56f7de000-7fb56f7df000 rw-p 0000a000 08:06 131775                     /lib/libnss_nis-2.11.1.so
7fb56f7df000-7fb56f7e7000 r-xp 00000000 08:06 131771                     /lib/libnss_compat-2.11.1.so
7fb56f7e7000-7fb56f9e6000 ---p 00008000 08:06 131771                     /lib/libnss_compat-2.11.1.so
7fb56f9e6000-7fb56f9e7000 r--p 00007000 08:06 131771                     /lib/libnss_compat-2.11.1.so
7fb56f9e7000-7fb56f9e8000 rw-p 00008000 08:06 131771                     /lib/libnss_compat-2.11.1.so
7fb56f9e8000-7fb56fb06000 r--p 00000000 08:06 269974                     /usr/lib/locale/de_CH.utf8/LC_COLLATE
7fb56fb06000-7fb56fb09000 r-xp 00000000 08:06 655817                     /usr/lib/jvm/java-6-openjdk/jre/lib/amd64/libnpt.so
7fb56fb09000-7fb56fd08000 ---p 00003000 08:06 655817                     /usr/lib/jvm/java-6-openjdk/jre/lib/amd64/libnpt.so
7fb56fd08000-7fb56fd09000 r--p 00002000 08:06 655817                     /usr/lib/jvm/java-6-openjdk/jre/lib/amd64/libnpt.so
7fb56fd09000-7fb56fd0a000 rw-p 00003000 08:06 655817                     /usr/lib/jvm/java-6-openjdk/jre/lib/amd64/libnpt.so
7fb56fd0a000-7fb56fd13000 r-xp 00000000 08:06 655800                     /usr/lib/jvm/java-6-openjdk/jre/lib/amd64/libinstrument.so
7fb56fd13000-7fb56ff13000 ---p 00009000 08:06 655800                     /usr/lib/jvm/java-6-openjdk/jre/lib/amd64/libinstrument.so
7fb56ff13000-7fb56ff14000 r--p 00009000 08:06 655800                     /usr/lib/jvm/java-6-openjdk/jre/lib/amd64/libinstrument.so
7fb56ff14000-7fb56ff15000 rw-p 0000a000 08:06 655800                     /usr/lib/jvm/java-6-openjdk/jre/lib/amd64/libinstrument.so
7fb56ff15000-7fb56ff4e000 r-xp 00000000 08:06 655808                     /usr/lib/jvm/java-6-openjdk/jre/lib/amd64/libjdwp.so
7fb56ff4e000-7fb57014d000 ---p 00039000 08:06 655808                     /usr/lib/jvm/java-6-openjdk/jre/lib/amd64/libjdwp.so
7fb57014d000-7fb57014e000 r--p 00038000 08:06 655808                     /usr/lib/jvm/java-6-openjdk/jre/lib/amd64/libjdwp.so
7fb57014e000-7fb57014f000 rw-p 00039000 08:06 655808                     /usr/lib/jvm/java-6-openjdk/jre/lib/amd64/libjdwp.so
7fb57014f000-7fb570157000 r-xp 00000000 08:06 655823                     /usr/lib/jvm/java-6-openjdk/jre/lib/amd64/native_threads/libhpi.so
7fb570157000-7fb570356000 ---p 00008000 08:06 655823                     /usr/lib/jvm/java-6-openjdk/jre/lib/amd64/native_threads/libhpi.so
7fb570356000-7fb570357000 r--p 00007000 08:06 655823                     /usr/lib/jvm/java-6-openjdk/jre/lib/amd64/native_threads/libhpi.so
7fb570357000-7fb570358000 rw-p 00008000 08:06 655823                     /usr/lib/jvm/java-6-openjdk/jre/lib/amd64/native_threads/libhpi.so
7fb570358000-7fb57036f000 r-xp 00000000 08:06 131770                     /lib/libnsl-2.11.1.so
7fb57036f000-7fb57056e000 ---p 00017000 08:06 131770                     /lib/libnsl-2.11.1.so
7fb57056e000-7fb57056f000 r--p 00016000 08:06 131770                     /lib/libnsl-2.11.1.so
7fb57056f000-7fb570570000 rw-p 00017000 08:06 131770                     /lib/libnsl-2.11.1.so
7fb570570000-7fb570572000 rw-p 00000000 00:00 0 
7fb570572000-7fb57059f000 r-xp 00000000 08:06 655805                     /usr/lib/jvm/java-6-openjdk/jre/lib/amd64/libjava.so
7fb57059f000-7fb57079e000 ---p 0002d000 08:06 655805                     /usr/lib/jvm/java-6-openjdk/jre/lib/amd64/libjava.so
7fb57079e000-7fb57079f000 r--p 0002c000 08:06 655805                     /usr/lib/jvm/java-6-openjdk/jre/lib/amd64/libjava.so
7fb57079f000-7fb5707a2000 rw-p 0002d000 08:06 655805                     /usr/lib/jvm/java-6-openjdk/jre/lib/amd64/libjava.so
7fb5707a2000-7fb5707b1000 r-xp 00000000 08:06 655821                     /usr/lib/jvm/java-6-openjdk/jre/lib/amd64/libverify.so
7fb5707b1000-7fb5709b0000 ---p 0000f000 08:06 655821                     /usr/lib/jvm/java-6-openjdk/jre/lib/amd64/libverify.so
7fb5709b0000-7fb5709b2000 r--p 0000e000 08:06 655821                     /usr/lib/jvm/java-6-openjdk/jre/lib/amd64/libverify.so
7fb5709b2000-7fb5709b3000 rw-p 00010000 08:06 655821                     /usr/lib/jvm/java-6-openjdk/jre/lib/amd64/libverify.so
7fb5709b3000-7fb5709ba000 r-xp 00000000 08:06 131781                     /lib/librt-2.11.1.so
7fb5709ba000-7fb570bb9000 ---p 00007000 08:06 131781                     /lib/librt-2.11.1.so
7fb570bb9000-7fb570bba000 r--p 00006000 08:06 131781                     /lib/librt-2.11.1.so
7fb570bba000-7fb570bbb000 rw-p 00007000 08:06 131781                     /lib/librt-2.11.1.so
7fb570bbb000-7fb570c3d000 r-xp 00000000 08:06 131767                     /lib/libm-2.11.1.so
7fb570c3d000-7fb570e3c000 ---p 00082000 08:06 131767                     /lib/libm-2.11.1.so
7fb570e3c000-7fb570e3d000 r--p 00081000 08:06 131767                     /lib/libm-2.11.1.so
7fb570e3d000-7fb570e3e000 rw-p 00082000 08:06 131767                     /lib/libm-2.11.1.so
7fb570e3e000-7fb571659000 r-xp 00000000 08:06 655824                     /usr/lib/jvm/java-6-openjdk/jre/lib/amd64/server/libjvm.so
7fb571659000-7fb571858000 ---p 0081b000 08:06 655824                     /usr/lib/jvm/java-6-openjdk/jre/lib/amd64/server/libjvm.so
7fb571858000-7fb5718cc000 r--p 0081a000 08:06 655824                     /usr/lib/jvm/java-6-openjdk/jre/lib/amd64/server/libjvm.so
7fb5718cc000-7fb5718e6000 rw-p 0088e000 08:06 655824                     /usr/lib/jvm/java-6-openjdk/jre/lib/amd64/server/libjvm.so
7fb5718e6000-7fb57191f000 rw-p 00000000 00:00 0 
7fb57191f000-7fb571a99000 r-xp 00000000 08:06 131760                     /lib/libc-2.11.1.so
7fb571a99000-7fb571c98000 ---p 0017a000 08:06 131760                     /lib/libc-2.11.1.so
7fb571c98000-7fb571c9c000 r--p 00179000 08:06 131760                     /lib/libc-2.11.1.so
7fb571c9c000-7fb571c9d000 rw-p 0017d000 08:06 131760                     /lib/libc-2.11.1.so
7fb571c9d000-7fb571ca2000 rw-p 00000000 00:00 0 
7fb571ca2000-7fb571ca4000 r-xp 00000000 08:06 131766                     /lib/libdl-2.11.1.so
7fb571ca4000-7fb571ea4000 ---p 00002000 08:06 131766                     /lib/libdl-2.11.1.so
7fb571ea4000-7fb571ea5000 r--p 00002000 08:06 131766                     /lib/libdl-2.11.1.so
7fb571ea5000-7fb571ea6000 rw-p 00003000 08:06 131766                     /lib/libdl-2.11.1.so
7fb571ea6000-7fb571eaa000 r-xp 00000000 08:06 655791                     /usr/lib/jvm/java-6-openjdk/jre/lib/amd64/jli/libjli.so
7fb571eaa000-7fb5720a9000 ---p 00004000 08:06 655791                     /usr/lib/jvm/java-6-openjdk/jre/lib/amd64/jli/libjli.so
7fb5720a9000-7fb5720aa000 r--p 00003000 08:06 655791                     /usr/lib/jvm/java-6-openjdk/jre/lib/amd64/jli/libjli.so
7fb5720aa000-7fb5720ab000 rw-p 00004000 08:06 655791                     /usr/lib/jvm/java-6-openjdk/jre/lib/amd64/jli/libjli.so
7fb5720ab000-7fb5720c3000 r-xp 00000000 08:06 131779                     /lib/libpthread-2.11.1.so
7fb5720c3000-7fb5722c2000 ---p 00018000 08:06 131779                     /lib/libpthread-2.11.1.so
7fb5722c2000-7fb5722c3000 r--p 00017000 08:06 131779                     /lib/libpthread-2.11.1.so
7fb5722c3000-7fb5722c4000 rw-p 00018000 08:06 131779                     /lib/libpthread-2.11.1.so
7fb5722c4000-7fb5722c8000 rw-p 00000000 00:00 0 
7fb5722c8000-7fb5722de000 r-xp 00000000 08:06 131365                     /lib/libz.so.1.2.3.3
7fb5722de000-7fb5724dd000 ---p 00016000 08:06 131365                     /lib/libz.so.1.2.3.3
7fb5724dd000-7fb5724de000 r--p 00015000 08:06 131365                     /lib/libz.so.1.2.3.3
7fb5724de000-7fb5724df000 rw-p 00016000 08:06 131365                     /lib/libz.so.1.2.3.3
7fb5724df000-7fb5724ff000 r-xp 00000000 08:06 131521                     /lib/ld-2.11.1.so
7fb5724ff000-7fb572501000 r--s 0000d000 08:06 798411                     /home/juerg/play/framework/lib/commons-logging-1.1.1.jar
7fb572501000-7fb572509000 r--s 000a3000 08:06 798425                     /home/juerg/play/framework/lib/hsqldb.jar
7fb572509000-7fb57250a000 r--s 00000000 08:06 798740                     /home/juerg/play/modules/testrunner/lib/play-testrunner.jar
7fb57250a000-7fb57250b000 rw-p 00000000 00:00 0 
7fb57250b000-7fb57250e000 r--s 0007a000 08:06 656854                     /usr/lib/jvm/java-6-openjdk/jre/lib/jsse.jar
7fb57250e000-7fb572515000 r--s 00079000 08:06 798448                     /home/juerg/play/framework/play.jar
7fb572515000-7fb572518000 r--s 0000f000 08:06 656843                     /usr/lib/jvm/java-6-openjdk/jre/lib/ext/pulse-java.jar
7fb572518000-7fb572521000 r--s 00065000 08:06 401392                     /usr/share/java/gnome-java-bridge.jar
7fb572521000-7fb572560000 rw-p 00000000 00:00 0 
7fb572560000-7fb57259d000 rw-p 00000000 00:00 0 
7fb57259d000-7fb5725dc000 r--p 00000000 08:06 269429                     /usr/lib/locale/de_CH.utf8/LC_CTYPE
7fb5725dc000-7fb5725df000 ---p 00000000 00:00 0 
7fb5725df000-7fb5726e2000 rw-p 00000000 00:00 0 
7fb5726e2000-7fb5726ea000 rw-s 00000000 08:06 131856                     /tmp/hsperfdata_juerg/4083
7fb5726ea000-7fb5726eb000 r--p 00000000 08:06 269980                     /usr/lib/locale/de_CH.utf8/LC_NUMERIC
7fb5726eb000-7fb5726ec000 r--p 00000000 08:06 269424                     /usr/lib/locale/de_CH.utf8/LC_TIME
7fb5726ec000-7fb5726ed000 r--p 00000000 08:06 269978                     /usr/lib/locale/de_CH.utf8/LC_MONETARY
7fb5726ed000-7fb5726ee000 r--p 00000000 08:06 269438                     /usr/lib/locale/de_CH.utf8/LC_MESSAGES/SYS_LC_MESSAGES
7fb5726ee000-7fb5726ef000 r--p 00000000 08:06 269981                     /usr/lib/locale/de_CH.utf8/LC_PAPER
7fb5726ef000-7fb5726f0000 r--p 00000000 08:06 269979                     /usr/lib/locale/de_CH.utf8/LC_NAME
7fb5726f0000-7fb5726f1000 r--p 00000000 08:06 269360                     /usr/lib/locale/de_CH.utf8/LC_ADDRESS
7fb5726f1000-7fb5726f2000 r--p 00000000 08:06 269362                     /usr/lib/locale/de_CH.utf8/LC_TELEPHONE
7fb5726f2000-7fb5726f3000 r--p 00000000 08:06 269977                     /usr/lib/locale/de_CH.utf8/LC_MEASUREMENT
7fb5726f3000-7fb5726fa000 r--s 00000000 08:06 280021                     /usr/lib/gconv/gconv-modules.cache
7fb5726fa000-7fb5726fb000 r--p 00000000 08:06 269363                     /usr/lib/locale/de_CH.utf8/LC_IDENTIFICATION
7fb5726fb000-7fb5726fc000 rw-p 00000000 00:00 0 
7fb5726fc000-7fb5726fd000 r--p 00000000 00:00 0 
7fb5726fd000-7fb5726ff000 rw-p 00000000 00:00 0 
7fb5726ff000-7fb572700000 r--p 00020000 08:06 131521                     /lib/ld-2.11.1.so
7fb572700000-7fb572701000 rw-p 00021000 08:06 131521                     /lib/ld-2.11.1.so
7fb572701000-7fb572702000 rw-p 00000000 00:00 0 
7fff78baf000-7fff78bc5000 rw-p 00000000 00:00 0                          [stack]
7fff78bff000-7fff78c00000 r-xp 00000000 00:00 0                          [vdso]
ffffffffff600000-ffffffffff601000 r-xp 00000000 00:00 0                  [vsyscall]

VM Arguments:
jvm_args: -javaagent:/home/juerg/play/framework/play.jar -Dplay.debug=yes -Xrunjdwp:transport=dt_socket,address=8000,server=y,suspend=n -Xdebug -Dapplication.path=/home/juerg/workspace/KnowledgeBase -Dplay.id=test 
java_command: play.server.Server
Launcher Type: SUN_STANDARD

Environment Variables:
PATH=/usr/local/sbin:/usr/local/bin:/usr/sbin:/usr/bin:/sbin:/bin:/usr/games:/home/juerg/play
LD_LIBRARY_PATH=/usr/lib/jvm/java-6-openjdk/jre/lib/amd64/server:/usr/lib/jvm/java-6-openjdk/jre/lib/amd64:/usr/lib/jvm/java-6-openjdk/jre/../lib/amd64
SHELL=/bin/bash
DISPLAY=:0

Signal Handlers:
SIGSEGV: [libjvm.so+0x6c1f70], sa_mask[0]=0x7ffbfeff, sa_flags=0x10000004
SIGBUS: [libjvm.so+0x6c1f70], sa_mask[0]=0x7ffbfeff, sa_flags=0x10000004
SIGFPE: [libjvm.so+0x58ca00], sa_mask[0]=0x7ffbfeff, sa_flags=0x10000004
SIGPIPE: [libjvm.so+0x58ca00], sa_mask[0]=0x7ffbfeff, sa_flags=0x10000004
SIGXFSZ: [libjvm.so+0x58ca00], sa_mask[0]=0x7ffbfeff, sa_flags=0x10000004
SIGILL: [libjvm.so+0x58ca00], sa_mask[0]=0x7ffbfeff, sa_flags=0x10000004
SIGUSR1: SIG_DFL, sa_mask[0]=0x00000000, sa_flags=0x00000000
SIGUSR2: [libjvm.so+0x58c150], sa_mask[0]=0x00000000, sa_flags=0x10000004
SIGHUP: [libjvm.so+0x58e840], sa_mask[0]=0x7ffbfeff, sa_flags=0x10000004
SIGINT: [libjvm.so+0x58e840], sa_mask[0]=0x7ffbfeff, sa_flags=0x10000004
SIGTERM: [libjvm.so+0x58e840], sa_mask[0]=0x7ffbfeff, sa_flags=0x10000004
SIGQUIT: [libjvm.so+0x58e840], sa_mask[0]=0x7ffbfeff, sa_flags=0x10000004


---------------  S Y S T E M  ---------------

OS:Ubuntu 10.04 (lucid)
uname:Linux 2.6.32-24-generic #43-Ubuntu SMP Thu Sep 16 14:58:24 UTC 2010 x86_64
libc:glibc 2.11.1 NPTL 2.11.1 
rlimit: STACK 8192k, CORE 0k, NPROC infinity, NOFILE 1024, AS infinity
load average:0.66 0.66 0.62

CPU:total 8 (8 cores per cpu, 2 threads per core) family 6 model 30 stepping 5, cmov, cx8, fxsr, mmx, sse, sse2, sse3, ssse3, sse4.1, sse4.2, popcnt, ht

Memory: 4k page, physical 4050068k(63820k free), swap 3905528k(3905384k free)

vm_info: OpenJDK 64-Bit Server VM (16.0-b13) for linux-amd64 JRE (1.6.0_18-b18), built on Jul 26 2010 23:34:55 by "buildd" with gcc 4.4.3

time: Sun Sep 26 12:30:10 2010
elapsed time: 6426 seconds

